<?xml version="1.0" encoding="UTF-8"?>
<!-- Generated by org.testng.reporters.JUnitReportReporter -->
<testsuite hostname="LP1-AP-51660102" failures="0" tests="1" name="com.mystore.qa.testcases.LoginPageTest" time="4.721" errors="0" timestamp="22 Apr 2021 11:13:24 GMT">
  <testcase classname="com.mystore.qa.testcases.LoginPageTest" name="LogInTest" time="4.721"/>
</testsuite> <!-- com.mystore.qa.testcases.LoginPageTest -->
