<?xml version="1.0" encoding="UTF-8"?>
<!-- Generated by org.testng.reporters.JUnitReportReporter -->
<testsuite hostname="LP1-AP-51660102" failures="0" tests="1" name="com.mystore.qa.testcases.LoginPageTest" time="17.196" errors="0" timestamp="15 Mar 2021 16:45:40 GMT">
  <testcase classname="com.mystore.qa.testcases.LoginPageTest" name="LogInTest" time="17.196"/>
</testsuite> <!-- com.mystore.qa.testcases.LoginPageTest -->
