<?xml version="1.0" encoding="UTF-8"?>
<!-- Generated by org.testng.reporters.JUnitReportReporter -->
<testsuite hostname="LP1-AP-51660102" failures="0" tests="2" name="com.mystore.qa.testcases.MyAddressPageTest" time="33.907" errors="0" timestamp="16 Mar 2021 03:59:49 GMT">
  <testcase classname="com.mystore.qa.testcases.MyAddressPageTest" name="AddnewAddress" time="18.096"/>
  <testcase classname="com.mystore.qa.testcases.MyAddressPageTest" name="myAddressPageTitleTest" time="15.811"/>
</testsuite> <!-- com.mystore.qa.testcases.MyAddressPageTest -->
