<?xml version="1.0" encoding="UTF-8"?>
<!-- Generated by org.testng.reporters.JUnitReportReporter -->
<testsuite hostname="LP1-AP-51660102" failures="0" tests="1" name="com.mystore.qa.testcases.MyAccountPageTest" time="17.788" errors="0" timestamp="15 Mar 2021 17:08:30 GMT">
  <testcase classname="com.mystore.qa.testcases.MyAccountPageTest" name="NavigateMyAddressPage" time="17.788"/>
</testsuite> <!-- com.mystore.qa.testcases.MyAccountPageTest -->
